<?xml version="1.0" encoding="UTF-8"?>
<testng-results ignored="0" total="4" passed="4" failed="0" skipped="0">
  <reporter-output>
  </reporter-output>
  <suite started-at="2023-07-22T14:53:39 WIB" name="runner.TestRunner" finished-at="2023-07-22T14:54:48 WIB" duration-ms="68656">
    <groups>
      <group name="cucumber">
        <method signature="AbstractTestNGCucumberTests.runScenario(io.cucumber.testng.PickleWrapper,io.cucumber.testng.FeatureWrapper)[pri:0, instance:runner.TestRunner@76329302]" name="runScenario" class="io.cucumber.testng.AbstractTestNGCucumberTests"/>
      </group> <!-- cucumber -->
    </groups>
    <test started-at="2023-07-22T14:53:39 WIB" name="Command line test" finished-at="2023-07-22T14:54:48 WIB" duration-ms="68656">
      <class name="runner.TestRunner">
        <test-method is-config="true" signature="setUpClass(org.testng.ITestContext)[pri:0, instance:runner.TestRunner@76329302]" started-at="2023-07-22T14:53:39 WIB" name="setUpClass" finished-at="2023-07-22T14:53:39 WIB" duration-ms="216" status="PASS">
          <params>
            <param index="0">
              <value>
                <![CDATA[org.testng.TestRunner@7bbfc5ff]]>
              </value>
            </param>
          </params>
          <reporter-output>
          </reporter-output>
        </test-method> <!-- setUpClass -->
        <test-method signature="runScenario(io.cucumber.testng.PickleWrapper,io.cucumber.testng.FeatureWrapper)[pri:0, instance:runner.TestRunner@76329302]" started-at="2023-07-22T14:53:39 WIB" name="runScenario" description="Runs Cucumber Scenarios" data-provider="scenarios" finished-at="2023-07-22T14:53:54 WIB" duration-ms="15086" status="PASS">
          <params>
            <param index="0">
              <value>
                <![CDATA["Login with valid account"]]>
              </value>
            </param>
            <param index="1">
              <value>
                <![CDATA["SauceDemo"]]>
              </value>
            </param>
          </params>
          <reporter-output>
          </reporter-output>
        </test-method> <!-- runScenario -->
        <test-method signature="runScenario(io.cucumber.testng.PickleWrapper,io.cucumber.testng.FeatureWrapper)[pri:0, instance:runner.TestRunner@76329302]" started-at="2023-07-22T14:53:54 WIB" name="runScenario" description="Runs Cucumber Scenarios" data-provider="scenarios" finished-at="2023-07-22T14:54:24 WIB" duration-ms="29586" status="PASS">
          <params>
            <param index="0">
              <value>
                <![CDATA["Login with valid account"]]>
              </value>
            </param>
            <param index="1">
              <value>
                <![CDATA["SauceDemo"]]>
              </value>
            </param>
          </params>
          <reporter-output>
          </reporter-output>
        </test-method> <!-- runScenario -->
        <test-method signature="runScenario(io.cucumber.testng.PickleWrapper,io.cucumber.testng.FeatureWrapper)[pri:0, instance:runner.TestRunner@76329302]" started-at="2023-07-22T14:54:24 WIB" name="runScenario" description="Runs Cucumber Scenarios" data-provider="scenarios" finished-at="2023-07-22T14:54:35 WIB" duration-ms="10782" status="PASS">
          <params>
            <param index="0">
              <value>
                <![CDATA["Login with locked out account"]]>
              </value>
            </param>
            <param index="1">
              <value>
                <![CDATA["SauceDemo"]]>
              </value>
            </param>
          </params>
          <reporter-output>
          </reporter-output>
        </test-method> <!-- runScenario -->
        <test-method signature="runScenario(io.cucumber.testng.PickleWrapper,io.cucumber.testng.FeatureWrapper)[pri:0, instance:runner.TestRunner@76329302]" started-at="2023-07-22T14:54:35 WIB" name="runScenario" description="Runs Cucumber Scenarios" data-provider="scenarios" finished-at="2023-07-22T14:54:48 WIB" duration-ms="12926" status="PASS">
          <params>
            <param index="0">
              <value>
                <![CDATA["Login with problem account"]]>
              </value>
            </param>
            <param index="1">
              <value>
                <![CDATA["SauceDemo"]]>
              </value>
            </param>
          </params>
          <reporter-output>
          </reporter-output>
        </test-method> <!-- runScenario -->
        <test-method is-config="true" signature="tearDownClass()[pri:0, instance:runner.TestRunner@76329302]" started-at="2023-07-22T14:54:48 WIB" name="tearDownClass" finished-at="2023-07-22T14:54:48 WIB" duration-ms="41" status="PASS">
          <reporter-output>
          </reporter-output>
        </test-method> <!-- tearDownClass -->
      </class> <!-- runner.TestRunner -->
    </test> <!-- Command line test -->
  </suite> <!-- runner.TestRunner -->
</testng-results>
