<?xml version="1.0" encoding="UTF-8"?>
<testng-results ignored="0" total="4" passed="4" failed="0" skipped="0">
  <reporter-output>
  </reporter-output>
  <suite started-at="2023-07-22T14:52:23 WIB" name="Default suite" finished-at="2023-07-22T14:53:29 WIB" duration-ms="66354">
    <groups>
      <group name="cucumber">
        <method signature="AbstractTestNGCucumberTests.runScenario(io.cucumber.testng.PickleWrapper,io.cucumber.testng.FeatureWrapper)[pri:0, instance:runner.TestRunner@614ca7df]" name="runScenario" class="io.cucumber.testng.AbstractTestNGCucumberTests"/>
      </group> <!-- cucumber -->
    </groups>
    <test started-at="2023-07-22T14:52:23 WIB" name="Default test" finished-at="2023-07-22T14:53:29 WIB" duration-ms="66354">
      <class name="runner.TestRunner">
        <test-method is-config="true" signature="setUpClass(org.testng.ITestContext)[pri:0, instance:runner.TestRunner@614ca7df]" started-at="2023-07-22T14:52:23 WIB" name="setUpClass" finished-at="2023-07-22T14:52:23 WIB" duration-ms="269" status="PASS">
          <params>
            <param index="0">
              <value>
                <![CDATA[org.testng.TestRunner@6da54910]]>
              </value>
            </param>
          </params>
          <reporter-output>
          </reporter-output>
        </test-method> <!-- setUpClass -->
        <test-method signature="runScenario(io.cucumber.testng.PickleWrapper,io.cucumber.testng.FeatureWrapper)[pri:0, instance:runner.TestRunner@614ca7df]" started-at="2023-07-22T14:52:23 WIB" name="runScenario" description="Runs Cucumber Scenarios" data-provider="scenarios" finished-at="2023-07-22T14:52:38 WIB" duration-ms="15056" status="PASS">
          <params>
            <param index="0">
              <value>
                <![CDATA["Login with valid account"]]>
              </value>
            </param>
            <param index="1">
              <value>
                <![CDATA["SauceDemo"]]>
              </value>
            </param>
          </params>
          <reporter-output>
          </reporter-output>
        </test-method> <!-- runScenario -->
        <test-method signature="runScenario(io.cucumber.testng.PickleWrapper,io.cucumber.testng.FeatureWrapper)[pri:0, instance:runner.TestRunner@614ca7df]" started-at="2023-07-22T14:52:38 WIB" name="runScenario" description="Runs Cucumber Scenarios" data-provider="scenarios" finished-at="2023-07-22T14:53:08 WIB" duration-ms="29472" status="PASS">
          <params>
            <param index="0">
              <value>
                <![CDATA["Login with valid account"]]>
              </value>
            </param>
            <param index="1">
              <value>
                <![CDATA["SauceDemo"]]>
              </value>
            </param>
          </params>
          <reporter-output>
          </reporter-output>
        </test-method> <!-- runScenario -->
        <test-method signature="runScenario(io.cucumber.testng.PickleWrapper,io.cucumber.testng.FeatureWrapper)[pri:0, instance:runner.TestRunner@614ca7df]" started-at="2023-07-22T14:53:08 WIB" name="runScenario" description="Runs Cucumber Scenarios" data-provider="scenarios" finished-at="2023-07-22T14:53:17 WIB" duration-ms="8632" status="PASS">
          <params>
            <param index="0">
              <value>
                <![CDATA["Login with locked out account"]]>
              </value>
            </param>
            <param index="1">
              <value>
                <![CDATA["SauceDemo"]]>
              </value>
            </param>
          </params>
          <reporter-output>
          </reporter-output>
        </test-method> <!-- runScenario -->
        <test-method signature="runScenario(io.cucumber.testng.PickleWrapper,io.cucumber.testng.FeatureWrapper)[pri:0, instance:runner.TestRunner@614ca7df]" started-at="2023-07-22T14:53:17 WIB" name="runScenario" description="Runs Cucumber Scenarios" data-provider="scenarios" finished-at="2023-07-22T14:53:29 WIB" duration-ms="12866" status="PASS">
          <params>
            <param index="0">
              <value>
                <![CDATA["Login with problem account"]]>
              </value>
            </param>
            <param index="1">
              <value>
                <![CDATA["SauceDemo"]]>
              </value>
            </param>
          </params>
          <reporter-output>
          </reporter-output>
        </test-method> <!-- runScenario -->
        <test-method is-config="true" signature="tearDownClass()[pri:0, instance:runner.TestRunner@614ca7df]" started-at="2023-07-22T14:53:29 WIB" name="tearDownClass" finished-at="2023-07-22T14:53:29 WIB" duration-ms="39" status="PASS">
          <reporter-output>
          </reporter-output>
        </test-method> <!-- tearDownClass -->
      </class> <!-- runner.TestRunner -->
    </test> <!-- Default test -->
  </suite> <!-- Default suite -->
</testng-results>
